2024-03-01 14:29:48.157 connection.mongo_connection [INFO] Connected to MongoDB
2024-03-01 14:30:02.948 connection.mongo_connection [INFO] Connected to MongoDB
2024-03-01 14:30:03.499 utils.util [DEBUG] survey_section_infos
2024-03-01 14:30:03.501 utils.util [DEBUG] customer_feedbacks
2024-03-01 14:30:03.503 utils.util [DEBUG] sub_pillars
2024-03-01 14:30:03.504 utils.util [DEBUG] system-categories
2024-03-01 14:30:03.505 utils.util [DEBUG] localized_surveys
2024-03-01 14:30:03.507 utils.util [DEBUG] cal_approaches
2024-03-01 14:30:03.508 utils.util [DEBUG] assessment_frameworks
2024-03-01 14:30:03.510 utils.util [DEBUG] users
2024-03-01 14:30:03.511 utils.util [DEBUG] onbording-ratings
2024-03-01 14:30:03.512 utils.util [DEBUG] activity_logs
2024-03-01 14:30:03.513 utils.util [DEBUG] kpi_owner_titles
2024-03-01 14:30:03.514 utils.util [DEBUG] schedule_logs
2024-03-01 14:30:03.515 utils.util [DEBUG] buildings
2024-03-01 14:30:03.517 utils.util [DEBUG] kpi_owner_names
2024-03-01 14:30:03.518 utils.util [DEBUG] standard_alignments
2024-03-01 14:30:03.519 utils.util [DEBUG] regions
2024-03-01 14:30:03.520 utils.util [DEBUG] key_dependencies
2024-03-01 14:30:03.521 utils.util [DEBUG] groups
2024-03-01 14:30:03.522 utils.util [DEBUG] building_types
2024-03-01 14:30:03.523 utils.util [DEBUG] search_keys
2024-03-01 14:30:03.524 utils.util [DEBUG] target-settings_datas
2024-03-01 14:30:03.525 utils.util [DEBUG] site_mappings
2024-03-01 14:30:03.526 utils.util [DEBUG] company_assets
2024-03-01 14:30:03.528 utils.util [DEBUG] translations
2024-03-01 14:30:03.529 utils.util [DEBUG] survey_info_ans
2024-03-01 14:30:03.530 utils.util [DEBUG] unit_of_measurements
2024-03-01 14:30:03.532 utils.util [DEBUG] default_templates
2024-03-01 14:30:03.533 utils.util [DEBUG] modules
2024-03-01 14:30:03.535 utils.util [DEBUG] pillars
2024-03-01 14:30:03.536 utils.util [DEBUG] unit_conversions
2024-03-01 14:30:03.537 utils.util [DEBUG] base_years
2024-03-01 14:30:03.538 utils.util [DEBUG] pillar_kpis
2024-03-01 14:30:03.539 utils.util [DEBUG] view-target-settings
2024-03-01 14:30:03.540 utils.util [DEBUG] tokens
2024-03-01 14:30:03.541 utils.util [DEBUG] kpi_detail
2024-03-01 14:30:03.542 utils.util [DEBUG] assetdatas
2024-03-01 14:30:03.543 utils.util [DEBUG] site_relevant_datas
2024-03-01 14:30:03.544 utils.util [DEBUG] custom_cal_approaches
2024-03-01 14:30:03.545 utils.util [DEBUG] emission_factors
2024-03-01 14:30:03.546 utils.util [DEBUG] site_modules
2024-03-01 14:30:03.547 utils.util [DEBUG] detail_logs
2024-03-01 14:30:03.548 utils.util [DEBUG] i18n
2024-03-01 14:30:03.549 utils.util [DEBUG] data_qualities
2024-03-01 14:30:03.550 utils.util [DEBUG] universities
2024-03-01 14:30:03.551 utils.util [DEBUG] user_types
2024-03-01 14:30:03.552 utils.util [DEBUG] filecollectors
2024-03-01 14:30:03.554 utils.util [DEBUG] freq_of_measurements
2024-03-01 14:30:03.555 utils.util [DEBUG] highschools
2024-03-01 14:30:03.556 utils.util [DEBUG] page-infos
2024-03-01 14:30:03.557 utils.util [DEBUG] custom_templates
2024-03-01 14:30:03.558 utils.util [DEBUG] equipment_data_columns
2024-03-01 14:30:03.559 utils.util [DEBUG] system-sub-categories
