2024-02-28 11:31:56.723 connection.mongo_connection [INFO] Connected to MongoDB
2024-02-28 11:31:57.454 utils.util [DEBUG] 646f06d02ed6c48f4414795f
2024-02-28 11:31:57.455 utils.util [DEBUG] True
2024-02-28 11:31:57.455 utils.util [DEBUG] 
2024-02-28 11:31:57.548 utils.util [DEBUG] 631ee9cc92c0281e83bea826
2024-02-28 11:31:57.548 utils.util [DEBUG] True
2024-02-28 11:31:57.549 utils.util [DEBUG] 
2024-02-28 11:31:57.643 utils.util [DEBUG] 64d9da44b162190603e5fff3
2024-02-28 11:31:57.644 utils.util [DEBUG] True
2024-02-28 11:31:57.644 utils.util [DEBUG] 
2024-02-28 11:31:57.737 utils.util [DEBUG] 64464130fbe1b86e2f17046b
2024-02-28 11:31:57.738 utils.util [DEBUG] True
2024-02-28 11:31:57.739 utils.util [DEBUG] 
2024-02-28 11:31:57.836 utils.util [DEBUG] 6539e8614b15539fa3f542fd
2024-02-28 11:31:57.836 utils.util [DEBUG] True
2024-02-28 11:31:57.837 utils.util [DEBUG] 
2024-02-28 11:31:57.928 utils.util [DEBUG] 6539e8614b15539fa3f542fe
2024-02-28 11:31:57.929 utils.util [DEBUG] True
2024-02-28 11:31:57.930 utils.util [DEBUG] 
2024-02-28 11:31:58.024 utils.util [DEBUG] 6539e8614b15539fa3f542ff
2024-02-28 11:31:58.024 utils.util [DEBUG] True
2024-02-28 11:31:58.025 utils.util [DEBUG] 
2024-02-28 11:31:58.119 utils.util [DEBUG] 6539e8614b15539fa3f54300
2024-02-28 11:31:58.120 utils.util [DEBUG] True
2024-02-28 11:31:58.121 utils.util [DEBUG] 
2024-02-28 11:31:58.215 utils.util [DEBUG] 6539e8614b15539fa3f54301
2024-02-28 11:31:58.216 utils.util [DEBUG] True
2024-02-28 11:31:58.216 utils.util [DEBUG] 
2024-02-28 11:31:58.309 utils.util [DEBUG] 6539e8614b15539fa3f54302
2024-02-28 11:31:58.310 utils.util [DEBUG] True
2024-02-28 11:31:58.311 utils.util [DEBUG] 
2024-02-28 11:31:58.402 utils.util [DEBUG] 6539e8614b15539fa3f54303
2024-02-28 11:31:58.403 utils.util [DEBUG] True
2024-02-28 11:31:58.403 utils.util [DEBUG] 
2024-02-28 11:31:58.495 utils.util [DEBUG] 6539e8614b15539fa3f54304
2024-02-28 11:31:58.495 utils.util [DEBUG] True
2024-02-28 11:31:58.496 utils.util [DEBUG] 
2024-02-28 11:31:58.595 utils.util [DEBUG] 646f1352dc77466cc2755852
2024-02-28 11:31:58.595 utils.util [DEBUG] True
2024-02-28 11:31:58.596 utils.util [DEBUG] 
2024-02-28 11:31:58.688 utils.util [DEBUG] 6539e8614b15539fa3f54305
2024-02-28 11:31:58.689 utils.util [DEBUG] True
2024-02-28 11:31:58.690 utils.util [DEBUG] 
2024-02-28 11:31:58.782 utils.util [DEBUG] 6539e8614b15539fa3f54306
2024-02-28 11:31:58.782 utils.util [DEBUG] True
2024-02-28 11:31:58.783 utils.util [DEBUG] 
2024-02-28 11:31:58.880 utils.util [DEBUG] 6539e8614b15539fa3f54307
2024-02-28 11:31:58.881 utils.util [DEBUG] True
2024-02-28 11:31:58.887 utils.util [DEBUG] 
2024-02-28 11:31:58.980 utils.util [DEBUG] 6539e8614b15539fa3f54308
2024-02-28 11:31:58.981 utils.util [DEBUG] True
2024-02-28 11:31:58.981 utils.util [DEBUG] 
2024-02-28 11:31:59.080 utils.util [DEBUG] 648980c3f1c8d3dbd8d0a1a8
2024-02-28 11:31:59.081 utils.util [DEBUG] True
2024-02-28 11:31:59.081 utils.util [DEBUG] 
2024-02-28 11:31:59.174 utils.util [DEBUG] 65791d45e3f4c7cb4228b322
2024-02-28 11:31:59.175 utils.util [DEBUG] True
2024-02-28 11:31:59.175 utils.util [DEBUG] 
2024-02-28 11:31:59.266 utils.util [DEBUG] 65791d4fe3f4c7cb4228b323
2024-02-28 11:31:59.267 utils.util [DEBUG] True
2024-02-28 11:31:59.268 utils.util [DEBUG] 
2024-02-28 11:31:59.360 utils.util [DEBUG] 65791d57e3f4c7cb4228b324
2024-02-28 11:31:59.361 utils.util [DEBUG] True
2024-02-28 11:31:59.362 utils.util [DEBUG] 
2024-02-28 11:31:59.453 utils.util [DEBUG] 65791d68e3f4c7cb4228b325
2024-02-28 11:31:59.454 utils.util [DEBUG] True
2024-02-28 11:31:59.454 utils.util [DEBUG] 
2024-02-28 11:31:59.548 utils.util [DEBUG] 65791defe3f4c7cb4228b326
2024-02-28 11:31:59.549 utils.util [DEBUG] True
2024-02-28 11:31:59.550 utils.util [DEBUG] 
2024-02-28 11:31:59.649 utils.util [DEBUG] 646f1352dc77466cc2755853
2024-02-28 11:31:59.650 utils.util [DEBUG] True
2024-02-28 11:31:59.650 utils.util [DEBUG] 
2024-02-28 11:31:59.743 utils.util [DEBUG] 65791e30e3f4c7cb4228b327
2024-02-28 11:31:59.744 utils.util [DEBUG] True
2024-02-28 11:31:59.744 utils.util [DEBUG] 
2024-02-28 11:31:59.836 utils.util [DEBUG] 6581461eb653067119aa18ba
2024-02-28 11:31:59.837 utils.util [DEBUG] True
2024-02-28 11:31:59.837 utils.util [DEBUG] 
2024-02-28 11:31:59.929 utils.util [DEBUG] 65855d9c20cc732e5e2721b6
2024-02-28 11:31:59.930 utils.util [DEBUG] True
2024-02-28 11:31:59.930 utils.util [DEBUG] 
2024-02-28 11:32:00.022 utils.util [DEBUG] 65855d9c20cc732e5e2721b7
2024-02-28 11:32:00.023 utils.util [DEBUG] True
2024-02-28 11:32:00.025 utils.util [DEBUG] 
2024-02-28 11:32:00.121 utils.util [DEBUG] 65855d9c20cc732e5e2721b8
2024-02-28 11:32:00.121 utils.util [DEBUG] True
2024-02-28 11:32:00.121 utils.util [DEBUG] 
2024-02-28 11:32:00.214 utils.util [DEBUG] 65855d9c20cc732e5e2721b9
2024-02-28 11:32:00.215 utils.util [DEBUG] True
2024-02-28 11:32:00.215 utils.util [DEBUG] 
2024-02-28 11:32:00.310 utils.util [DEBUG] 659b741b43f11a2f3fc1d386
2024-02-28 11:32:00.310 utils.util [DEBUG] True
2024-02-28 11:32:00.311 utils.util [DEBUG] 
2024-02-28 11:32:00.402 utils.util [DEBUG] 65b7599147f83f5271928880
2024-02-28 11:32:00.403 utils.util [DEBUG] True
2024-02-28 11:32:00.404 utils.util [DEBUG] 
2024-02-28 11:32:00.497 utils.util [DEBUG] 65cc8e103461610fbe9a5b4a
2024-02-28 11:32:00.498 utils.util [DEBUG] True
2024-02-28 11:32:00.498 utils.util [DEBUG] 
2024-02-28 11:32:00.590 utils.util [DEBUG] 65d7005467cba849aed18fa6
2024-02-28 11:32:00.591 utils.util [DEBUG] True
2024-02-28 11:32:00.591 utils.util [DEBUG] 
2024-02-28 11:32:00.687 utils.util [DEBUG] 646f1352dc77466cc2755854
2024-02-28 11:32:00.688 utils.util [DEBUG] True
2024-02-28 11:32:00.689 utils.util [DEBUG] 
2024-02-28 11:32:00.784 utils.util [DEBUG] 65d70db874ebed296cb84ce8
2024-02-28 11:32:00.785 utils.util [DEBUG] True
2024-02-28 11:32:00.786 utils.util [DEBUG] 
2024-02-28 11:32:00.886 utils.util [DEBUG] 646f1352dc77466cc2755855
2024-02-28 11:32:00.887 utils.util [DEBUG] True
2024-02-28 11:32:00.888 utils.util [DEBUG] 
2024-02-28 11:32:00.992 utils.util [DEBUG] 646f1352dc77466cc2755856
2024-02-28 11:32:00.993 utils.util [DEBUG] True
2024-02-28 11:32:00.993 utils.util [DEBUG] 
2024-02-28 11:32:01.089 utils.util [DEBUG] 647035bfaf8fe17f40237b7b
2024-02-28 11:32:01.090 utils.util [DEBUG] True
2024-02-28 11:32:01.091 utils.util [DEBUG] 
2024-02-28 11:32:01.184 utils.util [DEBUG] 647428324a38ff33ba85477f
2024-02-28 11:32:01.184 utils.util [DEBUG] True
2024-02-28 11:32:01.185 utils.util [DEBUG] 
2024-02-28 11:32:01.281 utils.util [DEBUG] 647428594a38ff33ba854781
2024-02-28 11:32:01.283 utils.util [DEBUG] True
2024-02-28 11:32:01.284 utils.util [DEBUG] 
2024-02-28 11:32:01.381 utils.util [DEBUG] 6474285f4a38ff33ba854782
2024-02-28 11:32:01.383 utils.util [DEBUG] True
2024-02-28 11:32:01.384 utils.util [DEBUG] 
2024-02-28 11:32:01.482 utils.util [DEBUG] 631ed9c392c0281e83bea81e
2024-02-28 11:32:01.482 utils.util [DEBUG] True
2024-02-28 11:32:01.483 utils.util [DEBUG] 
2024-02-28 11:32:01.579 utils.util [DEBUG] 647428674a38ff33ba854783
2024-02-28 11:32:01.580 utils.util [DEBUG] True
2024-02-28 11:32:01.581 utils.util [DEBUG] 
2024-02-28 11:32:01.679 utils.util [DEBUG] 6474286f4a38ff33ba854784
2024-02-28 11:32:01.679 utils.util [DEBUG] True
2024-02-28 11:32:01.680 utils.util [DEBUG] 
2024-02-28 11:32:01.773 utils.util [DEBUG] 647428764a38ff33ba854785
2024-02-28 11:32:01.774 utils.util [DEBUG] True
2024-02-28 11:32:01.775 utils.util [DEBUG] 
2024-02-28 11:32:01.869 utils.util [DEBUG] 64745421a3f326c8c2a5dd64
2024-02-28 11:32:01.870 utils.util [DEBUG] True
2024-02-28 11:32:01.870 utils.util [DEBUG] 
2024-02-28 11:32:01.967 utils.util [DEBUG] 64745425a3f326c8c2a5dd65
2024-02-28 11:32:01.969 utils.util [DEBUG] True
2024-02-28 11:32:01.969 utils.util [DEBUG] 
2024-02-28 11:32:02.070 utils.util [DEBUG] 6474542aa3f326c8c2a5dd66
2024-02-28 11:32:02.071 utils.util [DEBUG] True
2024-02-28 11:32:02.072 utils.util [DEBUG] 
2024-02-28 11:32:02.169 utils.util [DEBUG] 6474542ea3f326c8c2a5dd67
2024-02-28 11:32:02.170 utils.util [DEBUG] True
2024-02-28 11:32:02.171 utils.util [DEBUG] 
2024-02-28 11:32:02.276 utils.util [DEBUG] 64745433a3f326c8c2a5dd68
2024-02-28 11:32:02.277 utils.util [DEBUG] True
2024-02-28 11:32:02.278 utils.util [DEBUG] 
2024-02-28 11:32:02.374 utils.util [DEBUG] 64745438a3f326c8c2a5dd69
2024-02-28 11:32:02.375 utils.util [DEBUG] True
2024-02-28 11:32:02.376 utils.util [DEBUG] 
2024-02-28 11:32:02.471 utils.util [DEBUG] 647455b9a3f326c8c2a5dd6a
2024-02-28 11:32:02.471 utils.util [DEBUG] True
2024-02-28 11:32:02.473 utils.util [DEBUG] 
2024-02-28 11:32:02.567 utils.util [DEBUG] 631edcb792c0281e83bea81f
2024-02-28 11:32:02.568 utils.util [DEBUG] True
2024-02-28 11:32:02.568 utils.util [DEBUG] 
2024-02-28 11:32:02.666 utils.util [DEBUG] 647455bea3f326c8c2a5dd6b
2024-02-28 11:32:02.667 utils.util [DEBUG] True
2024-02-28 11:32:02.667 utils.util [DEBUG] 
2024-02-28 11:32:02.760 utils.util [DEBUG] 647455c3a3f326c8c2a5dd6c
2024-02-28 11:32:02.760 utils.util [DEBUG] True
2024-02-28 11:32:02.761 utils.util [DEBUG] 
2024-02-28 11:32:02.855 utils.util [DEBUG] 647455c8a3f326c8c2a5dd6d
2024-02-28 11:32:02.856 utils.util [DEBUG] True
2024-02-28 11:32:02.856 utils.util [DEBUG] 
2024-02-28 11:32:02.951 utils.util [DEBUG] 647455d0a3f326c8c2a5dd6e
2024-02-28 11:32:02.953 utils.util [DEBUG] True
2024-02-28 11:32:02.954 utils.util [DEBUG] 
2024-02-28 11:32:03.053 utils.util [DEBUG] 647455d7a3f326c8c2a5dd6f
2024-02-28 11:32:03.054 utils.util [DEBUG] True
2024-02-28 11:32:03.055 utils.util [DEBUG] 
2024-02-28 11:32:03.160 utils.util [DEBUG] 6474596049261bb379615e63
2024-02-28 11:32:03.161 utils.util [DEBUG] True
2024-02-28 11:32:03.162 utils.util [DEBUG] 
2024-02-28 11:32:03.256 utils.util [DEBUG] 64759f570af59419c99f98ef
2024-02-28 11:32:03.257 utils.util [DEBUG] True
2024-02-28 11:32:03.257 utils.util [DEBUG] 
2024-02-28 11:32:03.354 utils.util [DEBUG] 6475ae300af59419c99f98f0
2024-02-28 11:32:03.355 utils.util [DEBUG] True
2024-02-28 11:32:03.356 utils.util [DEBUG] 
2024-02-28 11:32:03.453 utils.util [DEBUG] 6475ae3d0af59419c99f98f1
2024-02-28 11:32:03.454 utils.util [DEBUG] True
2024-02-28 11:32:03.455 utils.util [DEBUG] 
2024-02-28 11:32:03.550 utils.util [DEBUG] 6475ae470af59419c99f98f2
2024-02-28 11:32:03.551 utils.util [DEBUG] True
2024-02-28 11:32:03.552 utils.util [DEBUG] 
2024-02-28 11:32:03.649 utils.util [DEBUG] 631eddc692c0281e83bea820
2024-02-28 11:32:03.650 utils.util [DEBUG] True
2024-02-28 11:32:03.651 utils.util [DEBUG] 
2024-02-28 11:32:03.752 utils.util [DEBUG] 6475ae4f0af59419c99f98f3
2024-02-28 11:32:03.753 utils.util [DEBUG] True
2024-02-28 11:32:03.754 utils.util [DEBUG] 
2024-02-28 11:32:03.849 utils.util [DEBUG] 6475ae580af59419c99f98f4
2024-02-28 11:32:03.850 utils.util [DEBUG] True
2024-02-28 11:32:03.851 utils.util [DEBUG] 
2024-02-28 11:32:03.946 utils.util [DEBUG] 6475ae630af59419c99f98f5
2024-02-28 11:32:03.947 utils.util [DEBUG] True
2024-02-28 11:32:03.947 utils.util [DEBUG] 
2024-02-28 11:32:04.041 utils.util [DEBUG] 6475ae6c0af59419c99f98f6
2024-02-28 11:32:04.042 utils.util [DEBUG] True
2024-02-28 11:32:04.043 utils.util [DEBUG] 
2024-02-28 11:32:04.140 utils.util [DEBUG] 6475ae740af59419c99f98f7
2024-02-28 11:32:04.141 utils.util [DEBUG] True
2024-02-28 11:32:04.142 utils.util [DEBUG] 
2024-02-28 11:32:04.354 utils.util [DEBUG] 6475cb663f9fd74db8e648df
2024-02-28 11:32:04.355 utils.util [DEBUG] True
2024-02-28 11:32:04.355 utils.util [DEBUG] 
2024-02-28 11:32:04.482 utils.util [DEBUG] 6475cbc83f9fd74db8e648e0
2024-02-28 11:32:04.483 utils.util [DEBUG] True
2024-02-28 11:32:04.483 utils.util [DEBUG] 
2024-02-28 11:32:04.579 utils.util [DEBUG] 6475cbdc3f9fd74db8e648e1
2024-02-28 11:32:04.580 utils.util [DEBUG] True
2024-02-28 11:32:04.580 utils.util [DEBUG] 
2024-02-28 11:32:04.691 utils.util [DEBUG] 6475cc243f9fd74db8e648e2
2024-02-28 11:32:04.692 utils.util [DEBUG] True
2024-02-28 11:32:04.692 utils.util [DEBUG] 
2024-02-28 11:32:04.787 utils.util [DEBUG] 6475cc2d3f9fd74db8e648e3
2024-02-28 11:32:04.788 utils.util [DEBUG] True
2024-02-28 11:32:04.788 utils.util [DEBUG] 
2024-02-28 11:32:04.880 utils.util [DEBUG] 631ee04492c0281e83bea821
2024-02-28 11:32:04.881 utils.util [DEBUG] True
2024-02-28 11:32:04.881 utils.util [DEBUG] 
2024-02-28 11:32:04.973 utils.util [DEBUG] 6476c7827c507c864a5645a4
2024-02-28 11:32:04.973 utils.util [DEBUG] True
2024-02-28 11:32:04.974 utils.util [DEBUG] 
2024-02-28 11:32:05.069 utils.util [DEBUG] 6476c7a87c507c864a5645a5
2024-02-28 11:32:05.069 utils.util [DEBUG] True
2024-02-28 11:32:05.070 utils.util [DEBUG] 
2024-02-28 11:32:05.164 utils.util [DEBUG] 6476c7be7c507c864a5645a6
2024-02-28 11:32:05.165 utils.util [DEBUG] True
2024-02-28 11:32:05.165 utils.util [DEBUG] 
2024-02-28 11:32:05.258 utils.util [DEBUG] 6476c7de7c507c864a5645a7
2024-02-28 11:32:05.258 utils.util [DEBUG] True
2024-02-28 11:32:05.259 utils.util [DEBUG] 
2024-02-28 11:32:05.355 utils.util [DEBUG] 6476c7f27c507c864a5645a8
2024-02-28 11:32:05.356 utils.util [DEBUG] True
2024-02-28 11:32:05.356 utils.util [DEBUG] 
2024-02-28 11:32:05.449 utils.util [DEBUG] 6476c8027c507c864a5645a9
2024-02-28 11:32:05.449 utils.util [DEBUG] True
2024-02-28 11:32:05.450 utils.util [DEBUG] 
2024-02-28 11:32:05.542 utils.util [DEBUG] 6476ccc44de3cb3a80acd3fd
2024-02-28 11:32:05.542 utils.util [DEBUG] True
2024-02-28 11:32:05.543 utils.util [DEBUG] 
2024-02-28 11:32:05.636 utils.util [DEBUG] 6476ccc84de3cb3a80acd3fe
2024-02-28 11:32:05.637 utils.util [DEBUG] True
2024-02-28 11:32:05.638 utils.util [DEBUG] 
2024-02-28 11:32:05.736 utils.util [DEBUG] 6476cccd4de3cb3a80acd3ff
2024-02-28 11:32:05.737 utils.util [DEBUG] True
2024-02-28 11:32:05.738 utils.util [DEBUG] 
2024-02-28 11:32:05.842 utils.util [DEBUG] 64796deb2fad9b17410b2eb2
2024-02-28 11:32:05.842 utils.util [DEBUG] True
2024-02-28 11:32:05.843 utils.util [DEBUG] 
2024-02-28 11:32:05.938 utils.util [DEBUG] 631ee50892c0281e83bea823
2024-02-28 11:32:05.939 utils.util [DEBUG] True
2024-02-28 11:32:05.939 utils.util [DEBUG] 
2024-02-28 11:32:06.031 utils.util [DEBUG] 647d6257b1c6eb3718c8a7a9
2024-02-28 11:32:06.031 utils.util [DEBUG] True
2024-02-28 11:32:06.032 utils.util [DEBUG] 
2024-02-28 11:32:06.121 utils.util [DEBUG] 647d9566d650a91f29bf0e66
2024-02-28 11:32:06.122 utils.util [DEBUG] True
2024-02-28 11:32:06.122 utils.util [DEBUG] 
2024-02-28 11:32:06.214 utils.util [DEBUG] 647d9b94a6222805ac455385
2024-02-28 11:32:06.214 utils.util [DEBUG] True
2024-02-28 11:32:06.215 utils.util [DEBUG] 
2024-02-28 11:32:06.310 utils.util [DEBUG] 647eadf1bed6d97c073ae590
2024-02-28 11:32:06.311 utils.util [DEBUG] True
2024-02-28 11:32:06.312 utils.util [DEBUG] 
2024-02-28 11:32:06.419 utils.util [DEBUG] 647eae2ebed6d97c073ae591
2024-02-28 11:32:06.420 utils.util [DEBUG] True
2024-02-28 11:32:06.421 utils.util [DEBUG] 
2024-02-28 11:32:06.520 utils.util [DEBUG] 6486f1427c3e764b3416c154
2024-02-28 11:32:06.522 utils.util [DEBUG] True
2024-02-28 11:32:06.523 utils.util [DEBUG] 
2024-02-28 11:32:07.069 utils.util [DEBUG] 6487f95cfaf67ba5b14df0a0
2024-02-28 11:32:07.070 utils.util [DEBUG] True
2024-02-28 11:32:07.070 utils.util [DEBUG] 
2024-02-28 11:32:07.301 utils.util [DEBUG] 6487f95cfaf67ba5b14df0a1
2024-02-28 11:32:07.302 utils.util [DEBUG] True
2024-02-28 11:32:07.302 utils.util [DEBUG] 
2024-02-28 11:32:07.502 utils.util [DEBUG] 6487f95cfaf67ba5b14df0a2
2024-02-28 11:32:07.502 utils.util [DEBUG] True
2024-02-28 11:32:07.502 utils.util [DEBUG] 
2024-02-28 11:32:07.595 utils.util [DEBUG] 648aeeb5691928514b3ed8b3
2024-02-28 11:32:07.596 utils.util [DEBUG] True
2024-02-28 11:32:07.596 utils.util [DEBUG] 
2024-02-28 11:32:07.687 utils.util [DEBUG] 631ee4d092c0281e83bea822
2024-02-28 11:32:07.688 utils.util [DEBUG] True
2024-02-28 11:32:07.689 utils.util [DEBUG] 
2024-02-28 11:32:07.783 utils.util [DEBUG] 6492c50940212a145edcc551
2024-02-28 11:32:07.784 utils.util [DEBUG] True
2024-02-28 11:32:07.785 utils.util [DEBUG] 
2024-02-28 11:32:07.882 utils.util [DEBUG] 6493e1eef6199f463f7c1642
2024-02-28 11:32:07.883 utils.util [DEBUG] True
2024-02-28 11:32:07.883 utils.util [DEBUG] 
2024-02-28 11:32:07.974 utils.util [DEBUG] 6493e1eef6199f463f7c1643
2024-02-28 11:32:07.975 utils.util [DEBUG] True
2024-02-28 11:32:07.976 utils.util [DEBUG] 
2024-02-28 11:32:08.084 utils.util [DEBUG] 6493e1eef6199f463f7c1644
2024-02-28 11:32:08.085 utils.util [DEBUG] True
2024-02-28 11:32:08.086 utils.util [DEBUG] 
2024-02-28 11:32:08.178 utils.util [DEBUG] 6493e1eef6199f463f7c1645
2024-02-28 11:32:08.179 utils.util [DEBUG] True
2024-02-28 11:32:08.179 utils.util [DEBUG] 
2024-02-28 11:32:08.271 utils.util [DEBUG] 6493e1eef6199f463f7c1646
2024-02-28 11:32:08.272 utils.util [DEBUG] True
2024-02-28 11:32:08.272 utils.util [DEBUG] 
2024-02-28 11:32:08.372 utils.util [DEBUG] 6493e1eef6199f463f7c1647
2024-02-28 11:32:08.372 utils.util [DEBUG] True
2024-02-28 11:32:08.373 utils.util [DEBUG] 
2024-02-28 11:32:08.465 utils.util [DEBUG] 6493e1eef6199f463f7c1648
2024-02-28 11:32:08.466 utils.util [DEBUG] True
2024-02-28 11:32:08.466 utils.util [DEBUG] 
2024-02-28 11:32:08.561 utils.util [DEBUG] 64ab898be0b872f6ad0811aa
2024-02-28 11:32:08.562 utils.util [DEBUG] True
2024-02-28 11:32:08.562 utils.util [DEBUG] 
2024-02-28 11:32:08.655 utils.util [DEBUG] 64ab8998e0b872f6ad0811ac
2024-02-28 11:32:08.656 utils.util [DEBUG] True
2024-02-28 11:32:08.657 utils.util [DEBUG] 
2024-02-28 11:32:08.753 utils.util [DEBUG] 631ee85792c0281e83bea824
2024-02-28 11:32:08.754 utils.util [DEBUG] True
2024-02-28 11:32:08.755 utils.util [DEBUG] 
2024-02-28 11:32:08.847 utils.util [DEBUG] 64ab8998e0b872f6ad0811ad
2024-02-28 11:32:08.848 utils.util [DEBUG] True
2024-02-28 11:32:08.848 utils.util [DEBUG] 
2024-02-28 11:32:08.944 utils.util [DEBUG] 64ab89a3e0b872f6ad0811af
2024-02-28 11:32:08.945 utils.util [DEBUG] True
2024-02-28 11:32:08.946 utils.util [DEBUG] 
2024-02-28 11:32:09.041 utils.util [DEBUG] 64ab89aee0b872f6ad0811b1
2024-02-28 11:32:09.042 utils.util [DEBUG] True
2024-02-28 11:32:09.043 utils.util [DEBUG] 
2024-02-28 11:32:09.139 utils.util [DEBUG] 64ab89bae0b872f6ad0811b3
2024-02-28 11:32:09.140 utils.util [DEBUG] True
2024-02-28 11:32:09.140 utils.util [DEBUG] 
2024-02-28 11:32:09.231 utils.util [DEBUG] 64ab89c7e0b872f6ad0811b5
2024-02-28 11:32:09.232 utils.util [DEBUG] True
2024-02-28 11:32:09.233 utils.util [DEBUG] 
2024-02-28 11:32:09.328 utils.util [DEBUG] 64ab89c7e0b872f6ad0811b6
2024-02-28 11:32:09.329 utils.util [DEBUG] True
2024-02-28 11:32:09.330 utils.util [DEBUG] 
2024-02-28 11:32:09.421 utils.util [DEBUG] 64ab89c7e0b872f6ad0811b7
2024-02-28 11:32:09.422 utils.util [DEBUG] True
2024-02-28 11:32:09.422 utils.util [DEBUG] 
2024-02-28 11:32:09.518 utils.util [DEBUG] 64ab89c7e0b872f6ad0811b8
2024-02-28 11:32:09.519 utils.util [DEBUG] True
2024-02-28 11:32:09.521 utils.util [DEBUG] 
2024-02-28 11:32:09.615 utils.util [DEBUG] 64ab89c7e0b872f6ad0811b9
2024-02-28 11:32:09.616 utils.util [DEBUG] True
2024-02-28 11:32:09.617 utils.util [DEBUG] 
2024-02-28 11:32:09.712 utils.util [DEBUG] 64ab89c7e0b872f6ad0811ba
2024-02-28 11:32:09.713 utils.util [DEBUG] True
2024-02-28 11:32:09.714 utils.util [DEBUG] 
2024-02-28 11:32:09.809 utils.util [DEBUG] 631ee9cc92c0281e83bea825
2024-02-28 11:32:09.810 utils.util [DEBUG] True
2024-02-28 11:32:09.811 utils.util [DEBUG] 
2024-02-28 11:32:09.907 utils.util [DEBUG] 64ab8a0ce0b872f6ad0811bc
2024-02-28 11:32:09.908 utils.util [DEBUG] True
2024-02-28 11:32:09.908 utils.util [DEBUG] 
2024-02-28 11:32:10.004 utils.util [DEBUG] 64ab8a0ce0b872f6ad0811bd
2024-02-28 11:32:10.005 utils.util [DEBUG] True
2024-02-28 11:32:10.006 utils.util [DEBUG] 
2024-02-28 11:32:10.104 utils.util [DEBUG] 64ab8a0ce0b872f6ad0811be
2024-02-28 11:32:10.105 utils.util [DEBUG] True
2024-02-28 11:32:10.106 utils.util [DEBUG] 
2024-02-28 11:32:10.200 utils.util [DEBUG] 64ab8a0ce0b872f6ad0811bf
2024-02-28 11:32:10.201 utils.util [DEBUG] True
2024-02-28 11:32:10.202 utils.util [DEBUG] 
2024-02-28 11:32:10.295 utils.util [DEBUG] 64dc8162d78b64c3eb30bd6a
2024-02-28 11:32:10.296 utils.util [DEBUG] True
2024-02-28 11:32:10.297 utils.util [DEBUG] 
2024-02-28 11:32:10.389 utils.util [DEBUG] 64d606e3e5d2d1ecc1b09871
2024-02-28 11:32:10.390 utils.util [DEBUG] True
2024-02-28 11:32:10.391 utils.util [DEBUG] 
2024-02-28 11:32:10.488 utils.util [DEBUG] 64d9da5bb162190603e5fff6
2024-02-28 11:32:10.489 utils.util [DEBUG] True
2024-02-28 11:32:10.490 utils.util [DEBUG] 
2024-02-28 11:32:10.593 utils.util [DEBUG] 64d9da51b162190603e5fff5
2024-02-28 11:32:10.594 utils.util [DEBUG] True
2024-02-28 11:32:10.595 utils.util [DEBUG] 
2024-02-28 11:32:10.686 utils.util [DEBUG] 64d9da49b162190603e5fff4
2024-02-28 11:32:10.687 utils.util [DEBUG] True
2024-02-28 11:32:10.687 utils.util [DEBUG] 
2024-02-28 11:32:10.781 utils.util [DEBUG] 64dc8195d78b64c3eb30bd6b
2024-02-28 11:32:10.781 utils.util [DEBUG] True
2024-02-28 11:32:10.782 utils.util [DEBUG] 
2024-02-28 11:32:10.868 connection.mongo_connection [INFO] Closed MongoDB connection
